<?xml version="1.0" encoding="UTF-8"?>
<!-- Generated by org.testng.reporters.JUnitReportReporter -->
<testsuite hostname="LAPTOP-4I2SCUH5" failures="0" tests="2" name="generalStore.mobileShopping.Sample2Test" time="0.002" errors="0" timestamp="2022-02-11T19:30:22 IST" skipped="0">
  <testcase classname="generalStore.mobileShopping.Sample2Test" name="printSecondsecond" time="0.001"/>
  <system-out/>
  <testcase classname="generalStore.mobileShopping.Sample2Test" name="printSecond" time="0.001"/>
  <system-out/>
</testsuite> <!-- generalStore.mobileShopping.Sample2Test -->
