<?xml version="1.0" encoding="UTF-8"?>
<!-- Generated by org.testng.reporters.JUnitReportReporter -->
<testsuite hostname="LAPTOP-4I2SCUH5" failures="0" tests="1" name="testCases.HomePageTest" time="0.007" errors="0" timestamp="2022-02-11T23:33:10 IST" skipped="0">
  <testcase classname="testCases.HomePageTest" name="verifyHomePageDisplayed" time="0.007"/>
  <system-out/>
</testsuite> <!-- testCases.HomePageTest -->
