<?xml version="1.0" encoding="UTF-8"?>
<!-- Generated by org.testng.reporters.JUnitReportReporter -->
<testsuite hostname="LAPTOP-4I2SCUH5" failures="0" tests="1" name="testCases.LoginPageTest" time="18.379" errors="0" timestamp="2022-02-12T00:18:33 IST" skipped="0">
  <testcase classname="testCases.LoginPageTest" name="login" time="18.379"/>
  <system-out/>
</testsuite> <!-- testCases.LoginPageTest -->
