<?xml version="1.0" encoding="UTF-8"?>
<!-- Generated by org.testng.reporters.JUnitReportReporter -->
<testsuite skipped="0" hostname="LAPTOP-4I2SCUH5" name="testCases.LoginPageTest" tests="1" failures="0" timestamp="2022-02-22T23:03:34 IST" time="26.491" errors="0">
  <testcase name="login" time="26.491" classname="testCases.LoginPageTest"/>
  <system-out/>
</testsuite> <!-- testCases.LoginPageTest -->
