<?xml version="1.0" encoding="UTF-8"?>
<!-- Generated by org.testng.reporters.JUnitReportReporter -->
<testsuite skipped="0" hostname="LAPTOP-4I2SCUH5" name="testCases.HomePageTest" tests="4" failures="0" timestamp="2022-02-22T23:03:34 IST" time="0.001" errors="0">
  <testcase name="addTwoItemstoCart" time="0.000" classname="testCases.HomePageTest"/>
  <system-out/>
  <testcase name="addLasttoCart" time="0.000" classname="testCases.HomePageTest"/>
  <system-out/>
  <testcase name="verifyHomePageDisplayed" time="0.001" classname="testCases.HomePageTest"/>
  <system-out/>
  <testcase name="addOneItemtoCart" time="0.000" classname="testCases.HomePageTest"/>
  <system-out/>
</testsuite> <!-- testCases.HomePageTest -->
